2024-06-25T16:51:59.066Z [INFO] Server started on port 3201
2024-06-25T16:52:56.411Z [INFO] Server on 3201 has received a vote from 3200
2024-06-25T16:52:56.414Z [ERROR] Server on port 3202 election error: AggregateError
2024-06-25T16:52:56.414Z [INFO] Server on port 3201 elected as leader
2024-06-25T16:52:56.418Z [ERROR] Error notifying RP: AggregateError
2024-06-25T16:52:56.477Z [INFO] Heartbeat acknowledged by server on port 3200
2024-06-25T16:52:56.478Z [ERROR] Heartbeat error to server on port 3202: AggregateError
2024-06-25T16:52:56.540Z [INFO] Heartbeat acknowledged by server on port 3200
2024-06-25T16:52:56.542Z [ERROR] Heartbeat error to server on port 3202: AggregateError
2024-06-25T16:52:56.603Z [INFO] Heartbeat acknowledged by server on port 3200
2024-06-25T16:52:56.604Z [ERROR] Heartbeat error to server on port 3202: AggregateError
2024-06-25T16:52:56.666Z [INFO] Heartbeat acknowledged by server on port 3200
2024-06-25T16:52:56.667Z [ERROR] Heartbeat error to server on port 3202: AggregateError
2024-06-25T16:52:56.725Z [INFO] Heartbeat acknowledged by server on port 3200
2024-06-25T16:52:56.727Z [ERROR] Heartbeat error to server on port 3202: AggregateError
2024-06-25T16:52:56.789Z [INFO] Heartbeat acknowledged by server on port 3200
2024-06-25T16:52:56.790Z [ERROR] Heartbeat error to server on port 3202: AggregateError
2024-06-25T16:52:56.851Z [INFO] Heartbeat acknowledged by server on port 3200
2024-06-25T16:52:56.852Z [ERROR] Heartbeat error to server on port 3202: AggregateError
2024-06-25T16:52:56.913Z [ERROR] Heartbeat error to server on port 3202: AggregateError
2024-06-25T16:52:56.914Z [INFO] Heartbeat acknowledged by server on port 3200
2024-06-25T16:52:56.976Z [INFO] Heartbeat acknowledged by server on port 3200
2024-06-25T16:52:56.977Z [ERROR] Heartbeat error to server on port 3202: AggregateError
2024-06-25T16:52:57.038Z [ERROR] Heartbeat error to server on port 3202: AggregateError
2024-06-25T16:52:57.040Z [INFO] Heartbeat acknowledged by server on port 3200
2024-06-25T16:52:57.103Z [INFO] Heartbeat acknowledged by server on port 3200
2024-06-25T16:52:57.103Z [ERROR] Heartbeat error to server on port 3202: AggregateError
2024-06-25T16:52:57.164Z [INFO] Heartbeat acknowledged by server on port 3200
2024-06-25T16:52:57.165Z [ERROR] Heartbeat error to server on port 3202: AggregateError
2024-06-25T16:52:57.228Z [INFO] Heartbeat acknowledged by server on port 3200
2024-06-25T16:52:57.229Z [ERROR] Heartbeat error to server on port 3202: AggregateError
2024-06-25T16:52:57.291Z [INFO] Heartbeat acknowledged by server on port 3200
2024-06-25T16:52:57.292Z [ERROR] Heartbeat error to server on port 3202: AggregateError
2024-06-25T16:52:57.353Z [INFO] Heartbeat acknowledged by server on port 3200
2024-06-25T16:52:57.354Z [ERROR] Heartbeat error to server on port 3202: AggregateError
2024-06-25T16:52:57.417Z [INFO] Heartbeat acknowledged by server on port 3200
2024-06-25T16:52:57.418Z [ERROR] Heartbeat error to server on port 3202: AggregateError
2024-06-25T16:52:57.479Z [INFO] Heartbeat acknowledged by server on port 3200
2024-06-25T16:52:57.481Z [ERROR] Heartbeat error to server on port 3202: AggregateError
2024-06-25T16:52:57.542Z [INFO] Heartbeat acknowledged by server on port 3200
2024-06-25T16:52:57.544Z [ERROR] Heartbeat error to server on port 3202: AggregateError
