2024-06-01T09:27:19.887Z [ERROR] logger is not defined
2024-06-01T09:27:19.896Z [INFO] Server started on port 3100
2024-06-01T10:31:25.367Z [ERROR] logger is not defined
2024-06-01T10:31:25.380Z [INFO] Server started on port 3100
2024-06-01T10:32:20.182Z [ERROR] logger is not defined
2024-06-01T10:32:20.192Z [INFO] Server started on port 3100
2024-06-01T13:48:23.368Z [ERROR] logger is not defined
2024-06-01T13:48:23.379Z [INFO] Server started on port 3100
2024-06-01T15:08:38.000Z [ERROR] logger is not defined
2024-06-01T15:08:38.016Z [INFO] Server started on port 3100
2024-06-01T18:08:14.128Z [ERROR] error:ReferenceError: logger is not defined
2024-06-01T18:08:14.131Z [ERROR] Server on port 3100 didnt be able to sync from Master:getLeader() {
    return this.leader;
  } due to error:ReferenceError: axios is not defined
2024-06-01T18:08:14.137Z [INFO] Server started on port 3100
2024-06-01T18:12:00.512Z [ERROR] error:ReferenceError: logger is not defined
2024-06-01T18:12:00.516Z [ERROR] Server on port 3100 didnt be able to sync from Master:getLeader() {
    return this.leader;
  } due to error:ReferenceError: axios is not defined
2024-06-01T18:12:00.520Z [INFO] Server started on port 3100
2024-06-01T18:44:30.374Z [ERROR] error:ReferenceError: logger is not defined
2024-06-01T18:44:30.386Z [INFO] Server started on port 3100
2024-06-01T18:47:19.411Z [ERROR] error:ReferenceError: logger is not defined
2024-06-01T18:47:19.421Z [ERROR] Server on port 3100 didnt be able to sync from Master:http://localhost:3100 due to error:ReferenceError: axios is not defined
2024-06-01T18:47:19.432Z [INFO] Server started on port 3100
2024-06-01T18:52:43.661Z [ERROR] error:ReferenceError: logger is not defined
2024-06-01T18:52:43.708Z [INFO] Server started on port 3100
2024-06-01T18:59:44.713Z [ERROR] error:ReferenceError: logger is not defined
2024-06-01T18:59:44.758Z [INFO] Server started on port 3100
2024-06-01T19:00:39.415Z [ERROR] error:ReferenceError: logger is not defined
2024-06-01T19:00:39.474Z [INFO] Server started on port 3100
2024-06-01T19:02:10.501Z [ERROR] error:ReferenceError: logger is not defined
2024-06-01T19:02:10.544Z [INFO] Server started on port 3100
2024-06-01T19:02:58.237Z [ERROR] error:ReferenceError: logger is not defined
2024-06-01T19:02:58.246Z [INFO] Server started on port 3100
2024-06-01T19:06:04.005Z [ERROR] error:ReferenceError: logger is not defined
2024-06-01T19:06:04.009Z [ERROR] There is no Leader/Master on dn00 available for synchronization
2024-06-01T19:06:04.015Z [INFO] Server started on port 3100
